[11-Aug-2013 21:36:45] PHP Notice:  error: can not delete ./databases/databaseTest1 the directory does not exists. in /var/www/nodb.at/nodb.php on line 128
[11-Aug-2013 21:36:45] PHP Stack trace:
[11-Aug-2013 21:36:45] PHP   1. {main}() /var/www/nodb.at/nodb.test.php:0
[11-Aug-2013 21:36:45] PHP   2. delDatabase($dbName = *uninitialized*) /var/www/nodb.at/nodb.test.php:8
[11-Aug-2013 21:36:45] PHP   3. trigger_error(*uninitialized*) /var/www/nodb.at/nodb.php:128
[11-Aug-2013 21:36:45] PHP Notice:  error: can not delete ./databases/databaseTest2 the directory does not exists. in /var/www/nodb.at/nodb.php on line 128
[11-Aug-2013 21:36:45] PHP Stack trace:
[11-Aug-2013 21:36:45] PHP   1. {main}() /var/www/nodb.at/nodb.test.php:0
[11-Aug-2013 21:36:45] PHP   2. delDatabase($dbName = *uninitialized*) /var/www/nodb.at/nodb.test.php:9
[11-Aug-2013 21:36:45] PHP   3. trigger_error(*uninitialized*) /var/www/nodb.at/nodb.php:128
[11-Aug-2013 21:36:54] PHP Notice:  Undefined variable: currentFile in /var/www/nodb.at/nodb.php on line 368
[11-Aug-2013 21:36:54] PHP Stack trace:
[11-Aug-2013 21:36:54] PHP   1. {main}() /var/www/nodb.at/nodb.test.php:0
[11-Aug-2013 21:36:54] PHP   2. add($columnName_values = *uninitialized*, $tableName = *uninitialized*, $dbName = *uninitialized*) /var/www/nodb.at/nodb.test.php:61
[11-Aug-2013 21:36:54] PHP Notice:  Undefined variable: currentFile in /var/www/nodb.at/nodb.php on line 368
[11-Aug-2013 21:36:54] PHP Stack trace:
[11-Aug-2013 21:36:54] PHP   1. {main}() /var/www/nodb.at/nodb.test.php:0
[11-Aug-2013 21:36:54] PHP   2. add($columnName_values = *uninitialized*, $tableName = *uninitialized*, $dbName = *uninitialized*) /var/www/nodb.at/nodb.test.php:61
[11-Aug-2013 21:36:54] PHP Notice:  Undefined variable: path in /var/www/nodb.at/nodb.php on line 399
[11-Aug-2013 21:36:54] PHP Stack trace:
[11-Aug-2013 21:36:54] PHP   1. {main}() /var/www/nodb.at/nodb.test.php:0
[11-Aug-2013 21:36:54] PHP   2. add($columnName_values = *uninitialized*, $tableName = *uninitialized*, $dbName = *uninitialized*) /var/www/nodb.at/nodb.test.php:61
[11-Aug-2013 21:36:54] PHP Warning:  file_put_contents() [<a href='function.file-put-contents'>function.file-put-contents</a>]: Filename cannot be empty in /var/www/nodb.at/nodb.php on line 399
[11-Aug-2013 21:36:54] PHP Stack trace:
[11-Aug-2013 21:36:54] PHP   1. {main}() /var/www/nodb.at/nodb.test.php:0
[11-Aug-2013 21:36:54] PHP   2. add($columnName_values = *uninitialized*, $tableName = *uninitialized*, $dbName = *uninitialized*) /var/www/nodb.at/nodb.test.php:61
[11-Aug-2013 21:36:54] PHP   3. file_put_contents(*uninitialized*, *uninitialized*, *uninitialized*) /var/www/nodb.at/nodb.php:399
[11-Aug-2013 21:36:54] PHP Notice:  Undefined variable: currentFile in /var/www/nodb.at/nodb.php on line 368
[11-Aug-2013 21:36:54] PHP Stack trace:
[11-Aug-2013 21:36:54] PHP   1. {main}() /var/www/nodb.at/nodb.test.php:0
[11-Aug-2013 21:36:54] PHP   2. add($columnName_values = *uninitialized*, $tableName = *uninitialized*, $dbName = *uninitialized*) /var/www/nodb.at/nodb.test.php:61
[11-Aug-2013 21:36:54] PHP Notice:  Undefined variable: currentFile in /var/www/nodb.at/nodb.php on line 368
[11-Aug-2013 21:36:54] PHP Stack trace:
[11-Aug-2013 21:36:54] PHP   1. {main}() /var/www/nodb.at/nodb.test.php:0
[11-Aug-2013 21:36:54] PHP   2. add($columnName_values = *uninitialized*, $tableName = *uninitialized*, $dbName = *uninitialized*) /var/www/nodb.at/nodb.test.php:61
[11-Aug-2013 21:36:54] PHP Notice:  Undefined variable: path in /var/www/nodb.at/nodb.php on line 399
[11-Aug-2013 21:36:54] PHP Stack trace:
[11-Aug-2013 21:36:54] PHP   1. {main}() /var/www/nodb.at/nodb.test.php:0
[11-Aug-2013 21:36:54] PHP   2. add($columnName_values = *uninitialized*, $tableName = *uninitialized*, $dbName = *uninitialized*) /var/www/nodb.at/nodb.test.php:61
[11-Aug-2013 21:36:54] PHP Warning:  file_put_contents() [<a href='function.file-put-contents'>function.file-put-contents</a>]: Filename cannot be empty in /var/www/nodb.at/nodb.php on line 399
[11-Aug-2013 21:36:54] PHP Stack trace:
[11-Aug-2013 21:36:54] PHP   1. {main}() /var/www/nodb.at/nodb.test.php:0
[11-Aug-2013 21:36:54] PHP   2. add($columnName_values = *uninitialized*, $tableName = *uninitialized*, $dbName = *uninitialized*) /var/www/nodb.at/nodb.test.php:61
[11-Aug-2013 21:36:54] PHP   3. file_put_contents(*uninitialized*, *uninitialized*, *uninitialized*) /var/www/nodb.at/nodb.php:399
[11-Aug-2013 21:36:54] PHP Notice:  Undefined variable: currentFile in /var/www/nodb.at/nodb.php on line 368
[11-Aug-2013 21:36:54] PHP Stack trace:
[11-Aug-2013 21:36:54] PHP   1. {main}() /var/www/nodb.at/nodb.test.php:0
[11-Aug-2013 21:36:54] PHP   2. add($columnName_values = *uninitialized*, $tableName = *uninitialized*, $dbName = *uninitialized*) /var/www/nodb.at/nodb.test.php:61
[11-Aug-2013 21:36:54] PHP Notice:  Undefined variable: currentFile in /var/www/nodb.at/nodb.php on line 368
[11-Aug-2013 21:36:54] PHP Stack trace:
[11-Aug-2013 21:36:54] PHP   1. {main}() /var/www/nodb.at/nodb.test.php:0
[11-Aug-2013 21:36:54] PHP   2. add($columnName_values = *uninitialized*, $tableName = *uninitialized*, $dbName = *uninitialized*) /var/www/nodb.at/nodb.test.php:61
[11-Aug-2013 21:36:54] PHP Notice:  Undefined variable: currentFile in /var/www/nodb.at/nodb.php on line 368
[11-Aug-2013 21:36:54] PHP Stack trace:
[11-Aug-2013 21:36:54] PHP   1. {main}() /var/www/nodb.at/nodb.test.php:0
[11-Aug-2013 21:36:54] PHP   2. add($columnName_values = *uninitialized*, $tableName = *uninitialized*, $dbName = *uninitialized*) /var/www/nodb.at/nodb.test.php:61
[11-Aug-2013 21:36:54] PHP Notice:  Undefined variable: currentFile in /var/www/nodb.at/nodb.php on line 368
[11-Aug-2013 21:36:54] PHP Stack trace:
[11-Aug-2013 21:36:54] PHP   1. {main}() /var/www/nodb.at/nodb.test.php:0
[11-Aug-2013 21:36:54] PHP   2. add($columnName_values = *uninitialized*, $tableName = *uninitialized*, $dbName = *uninitialized*) /var/www/nodb.at/nodb.test.php:61
[11-Aug-2013 21:36:54] PHP Notice:  Undefined variable: currentFile in /var/www/nodb.at/nodb.php on line 368
[11-Aug-2013 21:36:54] PHP Stack trace:
[11-Aug-2013 21:36:54] PHP   1. {main}() /var/www/nodb.at/nodb.test.php:0
[11-Aug-2013 21:36:54] PHP   2. add($columnName_values = *uninitialized*, $tableName = *uninitialized*, $dbName = *uninitialized*) /var/www/nodb.at/nodb.test.php:61
[11-Aug-2013 21:36:54] PHP Notice:  Undefined variable: currentFile in /var/www/nodb.at/nodb.php on line 368
[11-Aug-2013 21:36:54] PHP Stack trace:
[11-Aug-2013 21:36:54] PHP   1. {main}() /var/www/nodb.at/nodb.test.php:0
[11-Aug-2013 21:36:54] PHP   2. add($columnName_values = *uninitialized*, $tableName = *uninitialized*, $dbName = *uninitialized*) /var/www/nodb.at/nodb.test.php:61
[11-Aug-2013 21:36:54] PHP Notice:  Undefined variable: currentFile in /var/www/nodb.at/nodb.php on line 368
[11-Aug-2013 21:36:54] PHP Stack trace:
[11-Aug-2013 21:36:54] PHP   1. {main}() /var/www/nodb.at/nodb.test.php:0
[11-Aug-2013 21:36:54] PHP   2. add($columnName_values = *uninitialized*, $tableName = *uninitialized*, $dbName = *uninitialized*) /var/www/nodb.at/nodb.test.php:61
[11-Aug-2013 21:36:54] PHP Notice:  Undefined variable: currentFile in /var/www/nodb.at/nodb.php on line 368
[11-Aug-2013 21:36:54] PHP Stack trace:
[11-Aug-2013 21:36:54] PHP   1. {main}() /var/www/nodb.at/nodb.test.php:0
[11-Aug-2013 21:36:54] PHP   2. add($columnName_values = *uninitialized*, $tableName = *uninitialized*, $dbName = *uninitialized*) /var/www/nodb.at/nodb.test.php:61
[11-Aug-2013 21:36:54] PHP Notice:  Undefined variable: currentFile in /var/www/nodb.at/nodb.php on line 368
[11-Aug-2013 21:36:54] PHP Stack trace:
[11-Aug-2013 21:36:54] PHP   1. {main}() /var/www/nodb.at/nodb.test.php:0
[11-Aug-2013 21:36:54] PHP   2. add($columnName_values = *uninitialized*, $tableName = *uninitialized*, $dbName = *uninitialized*) /var/www/nodb.at/nodb.test.php:63
[11-Aug-2013 21:36:54] PHP Notice:  Undefined variable: currentFile in /var/www/nodb.at/nodb.php on line 368
[11-Aug-2013 21:36:54] PHP Stack trace:
[11-Aug-2013 21:36:54] PHP   1. {main}() /var/www/nodb.at/nodb.test.php:0
[11-Aug-2013 21:36:54] PHP   2. add($columnName_values = *uninitialized*, $tableName = *uninitialized*, $dbName = *uninitialized*) /var/www/nodb.at/nodb.test.php:63
[11-Aug-2013 21:36:54] PHP Notice:  Undefined variable: path in /var/www/nodb.at/nodb.php on line 399
[11-Aug-2013 21:36:54] PHP Stack trace:
[11-Aug-2013 21:36:54] PHP   1. {main}() /var/www/nodb.at/nodb.test.php:0
[11-Aug-2013 21:36:54] PHP   2. add($columnName_values = *uninitialized*, $tableName = *uninitialized*, $dbName = *uninitialized*) /var/www/nodb.at/nodb.test.php:63
[11-Aug-2013 21:36:54] PHP Warning:  file_put_contents() [<a href='function.file-put-contents'>function.file-put-contents</a>]: Filename cannot be empty in /var/www/nodb.at/nodb.php on line 399
[11-Aug-2013 21:36:54] PHP Stack trace:
[11-Aug-2013 21:36:54] PHP   1. {main}() /var/www/nodb.at/nodb.test.php:0
[11-Aug-2013 21:36:54] PHP   2. add($columnName_values = *uninitialized*, $tableName = *uninitialized*, $dbName = *uninitialized*) /var/www/nodb.at/nodb.test.php:63
[11-Aug-2013 21:36:54] PHP   3. file_put_contents(*uninitialized*, *uninitialized*, *uninitialized*) /var/www/nodb.at/nodb.php:399
[11-Aug-2013 21:36:54] PHP Notice:  Undefined variable: currentFile in /var/www/nodb.at/nodb.php on line 368
[11-Aug-2013 21:36:54] PHP Stack trace:
[11-Aug-2013 21:36:54] PHP   1. {main}() /var/www/nodb.at/nodb.test.php:0
[11-Aug-2013 21:36:54] PHP   2. add($columnName_values = *uninitialized*, $tableName = *uninitialized*, $dbName = *uninitialized*) /var/www/nodb.at/nodb.test.php:63
[11-Aug-2013 21:36:54] PHP Notice:  Undefined variable: currentFile in /var/www/nodb.at/nodb.php on line 368
[11-Aug-2013 21:36:54] PHP Stack trace:
[11-Aug-2013 21:36:54] PHP   1. {main}() /var/www/nodb.at/nodb.test.php:0
[11-Aug-2013 21:36:54] PHP   2. add($columnName_values = *uninitialized*, $tableName = *uninitialized*, $dbName = *uninitialized*) /var/www/nodb.at/nodb.test.php:63
[11-Aug-2013 21:36:54] PHP Notice:  Undefined variable: path in /var/www/nodb.at/nodb.php on line 399
[11-Aug-2013 21:36:54] PHP Stack trace:
[11-Aug-2013 21:36:54] PHP   1. {main}() /var/www/nodb.at/nodb.test.php:0
[11-Aug-2013 21:36:54] PHP   2. add($columnName_values = *uninitialized*, $tableName = *uninitialized*, $dbName = *uninitialized*) /var/www/nodb.at/nodb.test.php:63
[11-Aug-2013 21:36:54] PHP Warning:  file_put_contents() [<a href='function.file-put-contents'>function.file-put-contents</a>]: Filename cannot be empty in /var/www/nodb.at/nodb.php on line 399
[11-Aug-2013 21:36:54] PHP Stack trace:
[11-Aug-2013 21:36:54] PHP   1. {main}() /var/www/nodb.at/nodb.test.php:0
[11-Aug-2013 21:36:54] PHP   2. add($columnName_values = *uninitialized*, $tableName = *uninitialized*, $dbName = *uninitialized*) /var/www/nodb.at/nodb.test.php:63
[11-Aug-2013 21:36:54] PHP   3. file_put_contents(*uninitialized*, *uninitialized*, *uninitialized*) /var/www/nodb.at/nodb.php:399
[11-Aug-2013 21:36:54] PHP Notice:  Undefined variable: currentFile in /var/www/nodb.at/nodb.php on line 368
[11-Aug-2013 21:36:54] PHP Stack trace:
[11-Aug-2013 21:36:54] PHP   1. {main}() /var/www/nodb.at/nodb.test.php:0
[11-Aug-2013 21:36:54] PHP   2. add($columnName_values = *uninitialized*, $tableName = *uninitialized*, $dbName = *uninitialized*) /var/www/nodb.at/nodb.test.php:63
[11-Aug-2013 21:36:54] PHP Notice:  Undefined variable: currentFile in /var/www/nodb.at/nodb.php on line 368
[11-Aug-2013 21:36:54] PHP Stack trace:
[11-Aug-2013 21:36:54] PHP   1. {main}() /var/www/nodb.at/nodb.test.php:0
[11-Aug-2013 21:36:54] PHP   2. add($columnName_values = *uninitialized*, $tableName = *uninitialized*, $dbName = *uninitialized*) /var/www/nodb.at/nodb.test.php:63
[11-Aug-2013 21:36:54] PHP Notice:  Undefined variable: currentFile in /var/www/nodb.at/nodb.php on line 368
[11-Aug-2013 21:36:54] PHP Stack trace:
[11-Aug-2013 21:36:54] PHP   1. {main}() /var/www/nodb.at/nodb.test.php:0
[11-Aug-2013 21:36:54] PHP   2. add($columnName_values = *uninitialized*, $tableName = *uninitialized*, $dbName = *uninitialized*) /var/www/nodb.at/nodb.test.php:63
[11-Aug-2013 21:36:54] PHP Notice:  Undefined variable: currentFile in /var/www/nodb.at/nodb.php on line 368
[11-Aug-2013 21:36:54] PHP Stack trace:
[11-Aug-2013 21:36:54] PHP   1. {main}() /var/www/nodb.at/nodb.test.php:0
[11-Aug-2013 21:36:54] PHP   2. add($columnName_values = *uninitialized*, $tableName = *uninitialized*, $dbName = *uninitialized*) /var/www/nodb.at/nodb.test.php:63
[11-Aug-2013 21:36:54] PHP Notice:  Undefined variable: currentFile in /var/www/nodb.at/nodb.php on line 368
[11-Aug-2013 21:36:54] PHP Stack trace:
[11-Aug-2013 21:36:54] PHP   1. {main}() /var/www/nodb.at/nodb.test.php:0
[11-Aug-2013 21:36:54] PHP   2. add($columnName_values = *uninitialized*, $tableName = *uninitialized*, $dbName = *uninitialized*) /var/www/nodb.at/nodb.test.php:63
[11-Aug-2013 21:36:54] PHP Notice:  Undefined variable: currentFile in /var/www/nodb.at/nodb.php on line 368
[11-Aug-2013 21:36:54] PHP Stack trace:
[11-Aug-2013 21:36:54] PHP   1. {main}() /var/www/nodb.at/nodb.test.php:0
[11-Aug-2013 21:36:54] PHP   2. add($columnName_values = *uninitialized*, $tableName = *uninitialized*, $dbName = *uninitialized*) /var/www/nodb.at/nodb.test.php:63
[11-Aug-2013 21:36:54] PHP Notice:  Undefined variable: currentFile in /var/www/nodb.at/nodb.php on line 368
[11-Aug-2013 21:36:54] PHP Stack trace:
[11-Aug-2013 21:36:54] PHP   1. {main}() /var/www/nodb.at/nodb.test.php:0
[11-Aug-2013 21:36:54] PHP   2. add($columnName_values = *uninitialized*, $tableName = *uninitialized*, $dbName = *uninitialized*) /var/www/nodb.at/nodb.test.php:63
[11-Aug-2013 21:36:54] PHP Notice:  Undefined variable: currentFile in /var/www/nodb.at/nodb.php on line 368
[11-Aug-2013 21:36:54] PHP Stack trace:
[11-Aug-2013 21:36:54] PHP   1. {main}() /var/www/nodb.at/nodb.test.php:0
[11-Aug-2013 21:36:54] PHP   2. add($columnName_values = *uninitialized*, $tableName = *uninitialized*, $dbName = *uninitialized*) /var/www/nodb.at/nodb.test.php:63
[11-Aug-2013 21:36:55] PHP Notice:  Undefined variable: currentFile in /var/www/nodb.at/nodb.php on line 439
[11-Aug-2013 21:36:55] PHP Stack trace:
[11-Aug-2013 21:36:55] PHP   1. {main}() /var/www/nodb.at/nodb.test.php:0
[11-Aug-2013 21:36:55] PHP   2. insert($index = *uninitialized*, $columnName_values = *uninitialized*, $tableName = *uninitialized*, $dbName = *uninitialized*) /var/www/nodb.at/nodb.test.php:67
[11-Aug-2013 21:36:55] PHP Notice:  Undefined variable: currentFile in /var/www/nodb.at/nodb.php on line 439
[11-Aug-2013 21:36:55] PHP Stack trace:
[11-Aug-2013 21:36:55] PHP   1. {main}() /var/www/nodb.at/nodb.test.php:0
[11-Aug-2013 21:36:55] PHP   2. insert($index = *uninitialized*, $columnName_values = *uninitialized*, $tableName = *uninitialized*, $dbName = *uninitialized*) /var/www/nodb.at/nodb.test.php:67
[11-Aug-2013 21:36:55] PHP Notice:  Undefined variable: path in /var/www/nodb.at/nodb.php on line 470
[11-Aug-2013 21:36:55] PHP Stack trace:
[11-Aug-2013 21:36:55] PHP   1. {main}() /var/www/nodb.at/nodb.test.php:0
[11-Aug-2013 21:36:55] PHP   2. insert($index = *uninitialized*, $columnName_values = *uninitialized*, $tableName = *uninitialized*, $dbName = *uninitialized*) /var/www/nodb.at/nodb.test.php:67
[11-Aug-2013 21:36:55] PHP Warning:  file() [<a href='function.file'>function.file</a>]: Filename cannot be empty in /var/www/nodb.at/nodb.php on line 825
[11-Aug-2013 21:36:55] PHP Stack trace:
[11-Aug-2013 21:36:55] PHP   1. {main}() /var/www/nodb.at/nodb.test.php:0
[11-Aug-2013 21:36:55] PHP   2. insert($index = *uninitialized*, $columnName_values = *uninitialized*, $tableName = *uninitialized*, $dbName = *uninitialized*) /var/www/nodb.at/nodb.test.php:67
[11-Aug-2013 21:36:55] PHP   3. insertLineAt($lineNumber = *uninitialized*, $line = *uninitialized*, $path = *uninitialized*) /var/www/nodb.at/nodb.php:470
[11-Aug-2013 21:36:55] PHP   4. file(*uninitialized*) /var/www/nodb.at/nodb.php:825
[11-Aug-2013 21:36:55] PHP Warning:  array_splice() expects parameter 1 to be array, boolean given in /var/www/nodb.at/nodb.php on line 827
[11-Aug-2013 21:36:55] PHP Stack trace:
[11-Aug-2013 21:36:55] PHP   1. {main}() /var/www/nodb.at/nodb.test.php:0
[11-Aug-2013 21:36:55] PHP   2. insert($index = *uninitialized*, $columnName_values = *uninitialized*, $tableName = *uninitialized*, $dbName = *uninitialized*) /var/www/nodb.at/nodb.test.php:67
[11-Aug-2013 21:36:55] PHP   3. insertLineAt($lineNumber = *uninitialized*, $line = *uninitialized*, $path = *uninitialized*) /var/www/nodb.at/nodb.php:470
[11-Aug-2013 21:36:55] PHP   4. array_splice(*uninitialized*, *uninitialized*, *uninitialized*, *uninitialized*) /var/www/nodb.at/nodb.php:827
[11-Aug-2013 21:36:55] PHP Warning:  array_values() expects parameter 1 to be array, boolean given in /var/www/nodb.at/nodb.php on line 829
[11-Aug-2013 21:36:55] PHP Stack trace:
[11-Aug-2013 21:36:55] PHP   1. {main}() /var/www/nodb.at/nodb.test.php:0
[11-Aug-2013 21:36:55] PHP   2. insert($index = *uninitialized*, $columnName_values = *uninitialized*, $tableName = *uninitialized*, $dbName = *uninitialized*) /var/www/nodb.at/nodb.test.php:67
[11-Aug-2013 21:36:55] PHP   3. insertLineAt($lineNumber = *uninitialized*, $line = *uninitialized*, $path = *uninitialized*) /var/www/nodb.at/nodb.php:470
[11-Aug-2013 21:36:55] PHP   4. array_values(*uninitialized*) /var/www/nodb.at/nodb.php:829
[11-Aug-2013 21:36:55] PHP Warning:  implode() [<a href='function.implode'>function.implode</a>]: Argument must be an array in /var/www/nodb.at/nodb.php on line 831
[11-Aug-2013 21:36:55] PHP Stack trace:
[11-Aug-2013 21:36:55] PHP   1. {main}() /var/www/nodb.at/nodb.test.php:0
[11-Aug-2013 21:36:55] PHP   2. insert($index = *uninitialized*, $columnName_values = *uninitialized*, $tableName = *uninitialized*, $dbName = *uninitialized*) /var/www/nodb.at/nodb.test.php:67
[11-Aug-2013 21:36:55] PHP   3. insertLineAt($lineNumber = *uninitialized*, $line = *uninitialized*, $path = *uninitialized*) /var/www/nodb.at/nodb.php:470
[11-Aug-2013 21:36:55] PHP   4. implode(*uninitialized*) /var/www/nodb.at/nodb.php:831
[11-Aug-2013 21:36:55] PHP Warning:  file_put_contents() [<a href='function.file-put-contents'>function.file-put-contents</a>]: Filename cannot be empty in /var/www/nodb.at/nodb.php on line 831
[11-Aug-2013 21:36:55] PHP Stack trace:
[11-Aug-2013 21:36:55] PHP   1. {main}() /var/www/nodb.at/nodb.test.php:0
[11-Aug-2013 21:36:55] PHP   2. insert($index = *uninitialized*, $columnName_values = *uninitialized*, $tableName = *uninitialized*, $dbName = *uninitialized*) /var/www/nodb.at/nodb.test.php:67
[11-Aug-2013 21:36:55] PHP   3. insertLineAt($lineNumber = *uninitialized*, $line = *uninitialized*, $path = *uninitialized*) /var/www/nodb.at/nodb.php:470
[11-Aug-2013 21:36:55] PHP   4. file_put_contents(*uninitialized*, *uninitialized*) /var/www/nodb.at/nodb.php:831
[11-Aug-2013 21:36:55] PHP Notice:  Undefined variable: currentFile in /var/www/nodb.at/nodb.php on line 439
[11-Aug-2013 21:36:55] PHP Stack trace:
[11-Aug-2013 21:36:55] PHP   1. {main}() /var/www/nodb.at/nodb.test.php:0
[11-Aug-2013 21:36:55] PHP   2. insert($index = *uninitialized*, $columnName_values = *uninitialized*, $tableName = *uninitialized*, $dbName = *uninitialized*) /var/www/nodb.at/nodb.test.php:67
[11-Aug-2013 21:36:55] PHP Notice:  Undefined variable: currentFile in /var/www/nodb.at/nodb.php on line 439
[11-Aug-2013 21:36:55] PHP Stack trace:
[11-Aug-2013 21:36:55] PHP   1. {main}() /var/www/nodb.at/nodb.test.php:0
[11-Aug-2013 21:36:55] PHP   2. insert($index = *uninitialized*, $columnName_values = *uninitialized*, $tableName = *uninitialized*, $dbName = *uninitialized*) /var/www/nodb.at/nodb.test.php:67
[11-Aug-2013 21:36:55] PHP Notice:  Undefined variable: path in /var/www/nodb.at/nodb.php on line 470
[11-Aug-2013 21:36:55] PHP Stack trace:
[11-Aug-2013 21:36:55] PHP   1. {main}() /var/www/nodb.at/nodb.test.php:0
[11-Aug-2013 21:36:55] PHP   2. insert($index = *uninitialized*, $columnName_values = *uninitialized*, $tableName = *uninitialized*, $dbName = *uninitialized*) /var/www/nodb.at/nodb.test.php:67
[11-Aug-2013 21:36:55] PHP Warning:  file() [<a href='function.file'>function.file</a>]: Filename cannot be empty in /var/www/nodb.at/nodb.php on line 825
[11-Aug-2013 21:36:55] PHP Stack trace:
[11-Aug-2013 21:36:55] PHP   1. {main}() /var/www/nodb.at/nodb.test.php:0
[11-Aug-2013 21:36:55] PHP   2. insert($index = *uninitialized*, $columnName_values = *uninitialized*, $tableName = *uninitialized*, $dbName = *uninitialized*) /var/www/nodb.at/nodb.test.php:67
[11-Aug-2013 21:36:55] PHP   3. insertLineAt($lineNumber = *uninitialized*, $line = *uninitialized*, $path = *uninitialized*) /var/www/nodb.at/nodb.php:470
[11-Aug-2013 21:36:55] PHP   4. file(*uninitialized*) /var/www/nodb.at/nodb.php:825
[11-Aug-2013 21:36:55] PHP Warning:  array_splice() expects parameter 1 to be array, boolean given in /var/www/nodb.at/nodb.php on line 827
[11-Aug-2013 21:36:55] PHP Stack trace:
[11-Aug-2013 21:36:55] PHP   1. {main}() /var/www/nodb.at/nodb.test.php:0
[11-Aug-2013 21:36:55] PHP   2. insert($index = *uninitialized*, $columnName_values = *uninitialized*, $tableName = *uninitialized*, $dbName = *uninitialized*) /var/www/nodb.at/nodb.test.php:67
[11-Aug-2013 21:36:55] PHP   3. insertLineAt($lineNumber = *uninitialized*, $line = *uninitialized*, $path = *uninitialized*) /var/www/nodb.at/nodb.php:470
[11-Aug-2013 21:36:55] PHP   4. array_splice(*uninitialized*, *uninitialized*, *uninitialized*, *uninitialized*) /var/www/nodb.at/nodb.php:827
[11-Aug-2013 21:36:55] PHP Warning:  array_values() expects parameter 1 to be array, boolean given in /var/www/nodb.at/nodb.php on line 829
[11-Aug-2013 21:36:55] PHP Stack trace:
[11-Aug-2013 21:36:55] PHP   1. {main}() /var/www/nodb.at/nodb.test.php:0
[11-Aug-2013 21:36:55] PHP   2. insert($index = *uninitialized*, $columnName_values = *uninitialized*, $tableName = *uninitialized*, $dbName = *uninitialized*) /var/www/nodb.at/nodb.test.php:67
[11-Aug-2013 21:36:55] PHP   3. insertLineAt($lineNumber = *uninitialized*, $line = *uninitialized*, $path = *uninitialized*) /var/www/nodb.at/nodb.php:470
[11-Aug-2013 21:36:55] PHP   4. array_values(*uninitialized*) /var/www/nodb.at/nodb.php:829
[11-Aug-2013 21:36:55] PHP Warning:  implode() [<a href='function.implode'>function.implode</a>]: Argument must be an array in /var/www/nodb.at/nodb.php on line 831
[11-Aug-2013 21:36:55] PHP Stack trace:
[11-Aug-2013 21:36:55] PHP   1. {main}() /var/www/nodb.at/nodb.test.php:0
[11-Aug-2013 21:36:55] PHP   2. insert($index = *uninitialized*, $columnName_values = *uninitialized*, $tableName = *uninitialized*, $dbName = *uninitialized*) /var/www/nodb.at/nodb.test.php:67
[11-Aug-2013 21:36:55] PHP   3. insertLineAt($lineNumber = *uninitialized*, $line = *uninitialized*, $path = *uninitialized*) /var/www/nodb.at/nodb.php:470
[11-Aug-2013 21:36:55] PHP   4. implode(*uninitialized*) /var/www/nodb.at/nodb.php:831
[11-Aug-2013 21:36:55] PHP Warning:  file_put_contents() [<a href='function.file-put-contents'>function.file-put-contents</a>]: Filename cannot be empty in /var/www/nodb.at/nodb.php on line 831
[11-Aug-2013 21:36:55] PHP Stack trace:
[11-Aug-2013 21:36:55] PHP   1. {main}() /var/www/nodb.at/nodb.test.php:0
[11-Aug-2013 21:36:55] PHP   2. insert($index = *uninitialized*, $columnName_values = *uninitialized*, $tableName = *uninitialized*, $dbName = *uninitialized*) /var/www/nodb.at/nodb.test.php:67
[11-Aug-2013 21:36:55] PHP   3. insertLineAt($lineNumber = *uninitialized*, $line = *uninitialized*, $path = *uninitialized*) /var/www/nodb.at/nodb.php:470
[11-Aug-2013 21:36:55] PHP   4. file_put_contents(*uninitialized*, *uninitialized*) /var/www/nodb.at/nodb.php:831
[11-Aug-2013 21:36:55] PHP Notice:  Undefined variable: currentFile in /var/www/nodb.at/nodb.php on line 439
[11-Aug-2013 21:36:55] PHP Stack trace:
[11-Aug-2013 21:36:55] PHP   1. {main}() /var/www/nodb.at/nodb.test.php:0
[11-Aug-2013 21:36:55] PHP   2. insert($index = *uninitialized*, $columnName_values = *uninitialized*, $tableName = *uninitialized*, $dbName = *uninitialized*) /var/www/nodb.at/nodb.test.php:67
[11-Aug-2013 21:36:55] PHP Notice:  Undefined variable: currentFile in /var/www/nodb.at/nodb.php on line 439
[11-Aug-2013 21:36:55] PHP Stack trace:
[11-Aug-2013 21:36:55] PHP   1. {main}() /var/www/nodb.at/nodb.test.php:0
[11-Aug-2013 21:36:55] PHP   2. insert($index = *uninitialized*, $columnName_values = *uninitialized*, $tableName = *uninitialized*, $dbName = *uninitialized*) /var/www/nodb.at/nodb.test.php:67
[11-Aug-2013 21:36:55] PHP Notice:  Undefined variable: currentFile in /var/www/nodb.at/nodb.php on line 439
[11-Aug-2013 21:36:55] PHP Stack trace:
[11-Aug-2013 21:36:55] PHP   1. {main}() /var/www/nodb.at/nodb.test.php:0
[11-Aug-2013 21:36:55] PHP   2. insert($index = *uninitialized*, $columnName_values = *uninitialized*, $tableName = *uninitialized*, $dbName = *uninitialized*) /var/www/nodb.at/nodb.test.php:67
[11-Aug-2013 21:36:55] PHP Notice:  Undefined variable: currentFile in /var/www/nodb.at/nodb.php on line 439
[11-Aug-2013 21:36:55] PHP Stack trace:
[11-Aug-2013 21:36:55] PHP   1. {main}() /var/www/nodb.at/nodb.test.php:0
[11-Aug-2013 21:36:55] PHP   2. insert($index = *uninitialized*, $columnName_values = *uninitialized*, $tableName = *uninitialized*, $dbName = *uninitialized*) /var/www/nodb.at/nodb.test.php:67
[11-Aug-2013 21:36:55] PHP Notice:  Undefined variable: currentFile in /var/www/nodb.at/nodb.php on line 439
[11-Aug-2013 21:36:55] PHP Stack trace:
[11-Aug-2013 21:36:55] PHP   1. {main}() /var/www/nodb.at/nodb.test.php:0
[11-Aug-2013 21:36:55] PHP   2. insert($index = *uninitialized*, $columnName_values = *uninitialized*, $tableName = *uninitialized*, $dbName = *uninitialized*) /var/www/nodb.at/nodb.test.php:67
[11-Aug-2013 21:36:55] PHP Notice:  Undefined variable: currentFile in /var/www/nodb.at/nodb.php on line 439
[11-Aug-2013 21:36:55] PHP Stack trace:
[11-Aug-2013 21:36:55] PHP   1. {main}() /var/www/nodb.at/nodb.test.php:0
[11-Aug-2013 21:36:55] PHP   2. insert($index = *uninitialized*, $columnName_values = *uninitialized*, $tableName = *uninitialized*, $dbName = *uninitialized*) /var/www/nodb.at/nodb.test.php:67
[11-Aug-2013 21:36:55] PHP Notice:  Undefined variable: currentFile in /var/www/nodb.at/nodb.php on line 439
[11-Aug-2013 21:36:55] PHP Stack trace:
[11-Aug-2013 21:36:55] PHP   1. {main}() /var/www/nodb.at/nodb.test.php:0
[11-Aug-2013 21:36:55] PHP   2. insert($index = *uninitialized*, $columnName_values = *uninitialized*, $tableName = *uninitialized*, $dbName = *uninitialized*) /var/www/nodb.at/nodb.test.php:67
[11-Aug-2013 21:36:55] PHP Notice:  Undefined variable: currentFile in /var/www/nodb.at/nodb.php on line 439
[11-Aug-2013 21:36:55] PHP Stack trace:
[11-Aug-2013 21:36:55] PHP   1. {main}() /var/www/nodb.at/nodb.test.php:0
[11-Aug-2013 21:36:55] PHP   2. insert($index = *uninitialized*, $columnName_values = *uninitialized*, $tableName = *uninitialized*, $dbName = *uninitialized*) /var/www/nodb.at/nodb.test.php:67
[11-Aug-2013 21:36:56] PHP Notice:  Undefined variable: currentFile in /var/www/nodb.at/nodb.php on line 439
[11-Aug-2013 21:36:56] PHP Stack trace:
[11-Aug-2013 21:36:56] PHP   1. {main}() /var/www/nodb.at/nodb.test.php:0
[11-Aug-2013 21:36:56] PHP   2. insert($index = *uninitialized*, $columnName_values = *uninitialized*, $tableName = *uninitialized*, $dbName = *uninitialized*) /var/www/nodb.at/nodb.test.php:69
[11-Aug-2013 21:36:56] PHP Notice:  Undefined variable: currentFile in /var/www/nodb.at/nodb.php on line 439
[11-Aug-2013 21:36:56] PHP Stack trace:
[11-Aug-2013 21:36:56] PHP   1. {main}() /var/www/nodb.at/nodb.test.php:0
[11-Aug-2013 21:36:56] PHP   2. insert($index = *uninitialized*, $columnName_values = *uninitialized*, $tableName = *uninitialized*, $dbName = *uninitialized*) /var/www/nodb.at/nodb.test.php:69
[11-Aug-2013 21:36:56] PHP Notice:  Undefined variable: path in /var/www/nodb.at/nodb.php on line 470
[11-Aug-2013 21:36:56] PHP Stack trace:
[11-Aug-2013 21:36:56] PHP   1. {main}() /var/www/nodb.at/nodb.test.php:0
[11-Aug-2013 21:36:56] PHP   2. insert($index = *uninitialized*, $columnName_values = *uninitialized*, $tableName = *uninitialized*, $dbName = *uninitialized*) /var/www/nodb.at/nodb.test.php:69
[11-Aug-2013 21:36:56] PHP Warning:  file() [<a href='function.file'>function.file</a>]: Filename cannot be empty in /var/www/nodb.at/nodb.php on line 825
[11-Aug-2013 21:36:56] PHP Stack trace:
[11-Aug-2013 21:36:56] PHP   1. {main}() /var/www/nodb.at/nodb.test.php:0
[11-Aug-2013 21:36:56] PHP   2. insert($index = *uninitialized*, $columnName_values = *uninitialized*, $tableName = *uninitialized*, $dbName = *uninitialized*) /var/www/nodb.at/nodb.test.php:69
[11-Aug-2013 21:36:56] PHP   3. insertLineAt($lineNumber = *uninitialized*, $line = *uninitialized*, $path = *uninitialized*) /var/www/nodb.at/nodb.php:470
[11-Aug-2013 21:36:56] PHP   4. file(*uninitialized*) /var/www/nodb.at/nodb.php:825
[11-Aug-2013 21:36:56] PHP Warning:  array_splice() expects parameter 1 to be array, boolean given in /var/www/nodb.at/nodb.php on line 827
[11-Aug-2013 21:36:56] PHP Stack trace:
[11-Aug-2013 21:36:56] PHP   1. {main}() /var/www/nodb.at/nodb.test.php:0
[11-Aug-2013 21:36:56] PHP   2. insert($index = *uninitialized*, $columnName_values = *uninitialized*, $tableName = *uninitialized*, $dbName = *uninitialized*) /var/www/nodb.at/nodb.test.php:69
[11-Aug-2013 21:36:56] PHP   3. insertLineAt($lineNumber = *uninitialized*, $line = *uninitialized*, $path = *uninitialized*) /var/www/nodb.at/nodb.php:470
[11-Aug-2013 21:36:56] PHP   4. array_splice(*uninitialized*, *uninitialized*, *uninitialized*, *uninitialized*) /var/www/nodb.at/nodb.php:827
[11-Aug-2013 21:36:56] PHP Warning:  array_values() expects parameter 1 to be array, boolean given in /var/www/nodb.at/nodb.php on line 829
[11-Aug-2013 21:36:56] PHP Stack trace:
[11-Aug-2013 21:36:56] PHP   1. {main}() /var/www/nodb.at/nodb.test.php:0
[11-Aug-2013 21:36:56] PHP   2. insert($index = *uninitialized*, $columnName_values = *uninitialized*, $tableName = *uninitialized*, $dbName = *uninitialized*) /var/www/nodb.at/nodb.test.php:69
[11-Aug-2013 21:36:56] PHP   3. insertLineAt($lineNumber = *uninitialized*, $line = *uninitialized*, $path = *uninitialized*) /var/www/nodb.at/nodb.php:470
[11-Aug-2013 21:36:56] PHP   4. array_values(*uninitialized*) /var/www/nodb.at/nodb.php:829
[11-Aug-2013 21:36:56] PHP Warning:  implode() [<a href='function.implode'>function.implode</a>]: Argument must be an array in /var/www/nodb.at/nodb.php on line 831
[11-Aug-2013 21:36:56] PHP Stack trace:
[11-Aug-2013 21:36:56] PHP   1. {main}() /var/www/nodb.at/nodb.test.php:0
[11-Aug-2013 21:36:56] PHP   2. insert($index = *uninitialized*, $columnName_values = *uninitialized*, $tableName = *uninitialized*, $dbName = *uninitialized*) /var/www/nodb.at/nodb.test.php:69
[11-Aug-2013 21:36:56] PHP   3. insertLineAt($lineNumber = *uninitialized*, $line = *uninitialized*, $path = *uninitialized*) /var/www/nodb.at/nodb.php:470
[11-Aug-2013 21:36:56] PHP   4. implode(*uninitialized*) /var/www/nodb.at/nodb.php:831
[11-Aug-2013 21:36:56] PHP Warning:  file_put_contents() [<a href='function.file-put-contents'>function.file-put-contents</a>]: Filename cannot be empty in /var/www/nodb.at/nodb.php on line 831
[11-Aug-2013 21:36:56] PHP Stack trace:
[11-Aug-2013 21:36:56] PHP   1. {main}() /var/www/nodb.at/nodb.test.php:0
[11-Aug-2013 21:36:56] PHP   2. insert($index = *uninitialized*, $columnName_values = *uninitialized*, $tableName = *uninitialized*, $dbName = *uninitialized*) /var/www/nodb.at/nodb.test.php:69
[11-Aug-2013 21:36:56] PHP   3. insertLineAt($lineNumber = *uninitialized*, $line = *uninitialized*, $path = *uninitialized*) /var/www/nodb.at/nodb.php:470
[11-Aug-2013 21:36:56] PHP   4. file_put_contents(*uninitialized*, *uninitialized*) /var/www/nodb.at/nodb.php:831
[11-Aug-2013 21:36:56] PHP Notice:  Undefined variable: currentFile in /var/www/nodb.at/nodb.php on line 439
[11-Aug-2013 21:36:56] PHP Stack trace:
[11-Aug-2013 21:36:56] PHP   1. {main}() /var/www/nodb.at/nodb.test.php:0
[11-Aug-2013 21:36:56] PHP   2. insert($index = *uninitialized*, $columnName_values = *uninitialized*, $tableName = *uninitialized*, $dbName = *uninitialized*) /var/www/nodb.at/nodb.test.php:69
[11-Aug-2013 21:36:56] PHP Notice:  Undefined variable: currentFile in /var/www/nodb.at/nodb.php on line 439
[11-Aug-2013 21:36:56] PHP Stack trace:
[11-Aug-2013 21:36:56] PHP   1. {main}() /var/www/nodb.at/nodb.test.php:0
[11-Aug-2013 21:36:56] PHP   2. insert($index = *uninitialized*, $columnName_values = *uninitialized*, $tableName = *uninitialized*, $dbName = *uninitialized*) /var/www/nodb.at/nodb.test.php:69
[11-Aug-2013 21:36:56] PHP Notice:  Undefined variable: path in /var/www/nodb.at/nodb.php on line 470
[11-Aug-2013 21:36:56] PHP Stack trace:
[11-Aug-2013 21:36:56] PHP   1. {main}() /var/www/nodb.at/nodb.test.php:0
[11-Aug-2013 21:36:56] PHP   2. insert($index = *uninitialized*, $columnName_values = *uninitialized*, $tableName = *uninitialized*, $dbName = *uninitialized*) /var/www/nodb.at/nodb.test.php:69
[11-Aug-2013 21:36:56] PHP Warning:  file() [<a href='function.file'>function.file</a>]: Filename cannot be empty in /var/www/nodb.at/nodb.php on line 825
[11-Aug-2013 21:36:56] PHP Stack trace:
[11-Aug-2013 21:36:56] PHP   1. {main}() /var/www/nodb.at/nodb.test.php:0
[11-Aug-2013 21:36:56] PHP   2. insert($index = *uninitialized*, $columnName_values = *uninitialized*, $tableName = *uninitialized*, $dbName = *uninitialized*) /var/www/nodb.at/nodb.test.php:69
[11-Aug-2013 21:36:56] PHP   3. insertLineAt($lineNumber = *uninitialized*, $line = *uninitialized*, $path = *uninitialized*) /var/www/nodb.at/nodb.php:470
[11-Aug-2013 21:36:56] PHP   4. file(*uninitialized*) /var/www/nodb.at/nodb.php:825
[11-Aug-2013 21:36:56] PHP Warning:  array_splice() expects parameter 1 to be array, boolean given in /var/www/nodb.at/nodb.php on line 827
[11-Aug-2013 21:36:56] PHP Stack trace:
[11-Aug-2013 21:36:56] PHP   1. {main}() /var/www/nodb.at/nodb.test.php:0
[11-Aug-2013 21:36:56] PHP   2. insert($index = *uninitialized*, $columnName_values = *uninitialized*, $tableName = *uninitialized*, $dbName = *uninitialized*) /var/www/nodb.at/nodb.test.php:69
[11-Aug-2013 21:36:56] PHP   3. insertLineAt($lineNumber = *uninitialized*, $line = *uninitialized*, $path = *uninitialized*) /var/www/nodb.at/nodb.php:470
[11-Aug-2013 21:36:56] PHP   4. array_splice(*uninitialized*, *uninitialized*, *uninitialized*, *uninitialized*) /var/www/nodb.at/nodb.php:827
[11-Aug-2013 21:36:56] PHP Warning:  array_values() expects parameter 1 to be array, boolean given in /var/www/nodb.at/nodb.php on line 829
[11-Aug-2013 21:36:56] PHP Stack trace:
[11-Aug-2013 21:36:56] PHP   1. {main}() /var/www/nodb.at/nodb.test.php:0
[11-Aug-2013 21:36:56] PHP   2. insert($index = *uninitialized*, $columnName_values = *uninitialized*, $tableName = *uninitialized*, $dbName = *uninitialized*) /var/www/nodb.at/nodb.test.php:69
[11-Aug-2013 21:36:56] PHP   3. insertLineAt($lineNumber = *uninitialized*, $line = *uninitialized*, $path = *uninitialized*) /var/www/nodb.at/nodb.php:470
[11-Aug-2013 21:36:56] PHP   4. array_values(*uninitialized*) /var/www/nodb.at/nodb.php:829
[11-Aug-2013 21:36:56] PHP Warning:  implode() [<a href='function.implode'>function.implode</a>]: Argument must be an array in /var/www/nodb.at/nodb.php on line 831
[11-Aug-2013 21:36:56] PHP Stack trace:
[11-Aug-2013 21:36:56] PHP   1. {main}() /var/www/nodb.at/nodb.test.php:0
[11-Aug-2013 21:36:56] PHP   2. insert($index = *uninitialized*, $columnName_values = *uninitialized*, $tableName = *uninitialized*, $dbName = *uninitialized*) /var/www/nodb.at/nodb.test.php:69
[11-Aug-2013 21:36:56] PHP   3. insertLineAt($lineNumber = *uninitialized*, $line = *uninitialized*, $path = *uninitialized*) /var/www/nodb.at/nodb.php:470
[11-Aug-2013 21:36:56] PHP   4. implode(*uninitialized*) /var/www/nodb.at/nodb.php:831
[11-Aug-2013 21:36:56] PHP Warning:  file_put_contents() [<a href='function.file-put-contents'>function.file-put-contents</a>]: Filename cannot be empty in /var/www/nodb.at/nodb.php on line 831
[11-Aug-2013 21:36:56] PHP Stack trace:
[11-Aug-2013 21:36:56] PHP   1. {main}() /var/www/nodb.at/nodb.test.php:0
[11-Aug-2013 21:36:56] PHP   2. insert($index = *uninitialized*, $columnName_values = *uninitialized*, $tableName = *uninitialized*, $dbName = *uninitialized*) /var/www/nodb.at/nodb.test.php:69
[11-Aug-2013 21:36:56] PHP   3. insertLineAt($lineNumber = *uninitialized*, $line = *uninitialized*, $path = *uninitialized*) /var/www/nodb.at/nodb.php:470
[11-Aug-2013 21:36:56] PHP   4. file_put_contents(*uninitialized*, *uninitialized*) /var/www/nodb.at/nodb.php:831
[11-Aug-2013 21:36:56] PHP Notice:  Undefined variable: currentFile in /var/www/nodb.at/nodb.php on line 439
[11-Aug-2013 21:36:56] PHP Stack trace:
[11-Aug-2013 21:36:56] PHP   1. {main}() /var/www/nodb.at/nodb.test.php:0
[11-Aug-2013 21:36:56] PHP   2. insert($index = *uninitialized*, $columnName_values = *uninitialized*, $tableName = *uninitialized*, $dbName = *uninitialized*) /var/www/nodb.at/nodb.test.php:69
[11-Aug-2013 21:36:56] PHP Notice:  Undefined variable: currentFile in /var/www/nodb.at/nodb.php on line 439
[11-Aug-2013 21:36:56] PHP Stack trace:
[11-Aug-2013 21:36:56] PHP   1. {main}() /var/www/nodb.at/nodb.test.php:0
[11-Aug-2013 21:36:56] PHP   2. insert($index = *uninitialized*, $columnName_values = *uninitialized*, $tableName = *uninitialized*, $dbName = *uninitialized*) /var/www/nodb.at/nodb.test.php:69
[11-Aug-2013 21:36:56] PHP Notice:  Undefined variable: currentFile in /var/www/nodb.at/nodb.php on line 439
[11-Aug-2013 21:36:56] PHP Stack trace:
[11-Aug-2013 21:36:56] PHP   1. {main}() /var/www/nodb.at/nodb.test.php:0
[11-Aug-2013 21:36:56] PHP   2. insert($index = *uninitialized*, $columnName_values = *uninitialized*, $tableName = *uninitialized*, $dbName = *uninitialized*) /var/www/nodb.at/nodb.test.php:69
[11-Aug-2013 21:36:56] PHP Notice:  Undefined variable: currentFile in /var/www/nodb.at/nodb.php on line 439
[11-Aug-2013 21:36:56] PHP Stack trace:
[11-Aug-2013 21:36:56] PHP   1. {main}() /var/www/nodb.at/nodb.test.php:0
[11-Aug-2013 21:36:56] PHP   2. insert($index = *uninitialized*, $columnName_values = *uninitialized*, $tableName = *uninitialized*, $dbName = *uninitialized*) /var/www/nodb.at/nodb.test.php:69
[11-Aug-2013 21:36:56] PHP Notice:  Undefined variable: currentFile in /var/www/nodb.at/nodb.php on line 439
[11-Aug-2013 21:36:56] PHP Stack trace:
[11-Aug-2013 21:36:56] PHP   1. {main}() /var/www/nodb.at/nodb.test.php:0
[11-Aug-2013 21:36:56] PHP   2. insert($index = *uninitialized*, $columnName_values = *uninitialized*, $tableName = *uninitialized*, $dbName = *uninitialized*) /var/www/nodb.at/nodb.test.php:69
[11-Aug-2013 21:36:56] PHP Notice:  Undefined variable: currentFile in /var/www/nodb.at/nodb.php on line 439
[11-Aug-2013 21:36:56] PHP Stack trace:
[11-Aug-2013 21:36:56] PHP   1. {main}() /var/www/nodb.at/nodb.test.php:0
[11-Aug-2013 21:36:56] PHP   2. insert($index = *uninitialized*, $columnName_values = *uninitialized*, $tableName = *uninitialized*, $dbName = *uninitialized*) /var/www/nodb.at/nodb.test.php:69
[11-Aug-2013 21:36:56] PHP Notice:  Undefined variable: currentFile in /var/www/nodb.at/nodb.php on line 439
[11-Aug-2013 21:36:56] PHP Stack trace:
[11-Aug-2013 21:36:56] PHP   1. {main}() /var/www/nodb.at/nodb.test.php:0
[11-Aug-2013 21:36:56] PHP   2. insert($index = *uninitialized*, $columnName_values = *uninitialized*, $tableName = *uninitialized*, $dbName = *uninitialized*) /var/www/nodb.at/nodb.test.php:69
[11-Aug-2013 21:36:56] PHP Notice:  Undefined variable: currentFile in /var/www/nodb.at/nodb.php on line 439
[11-Aug-2013 21:36:56] PHP Stack trace:
[11-Aug-2013 21:36:56] PHP   1. {main}() /var/www/nodb.at/nodb.test.php:0
[11-Aug-2013 21:36:56] PHP   2. insert($index = *uninitialized*, $columnName_values = *uninitialized*, $tableName = *uninitialized*, $dbName = *uninitialized*) /var/www/nodb.at/nodb.test.php:69
[11-Aug-2013 21:36:56] PHP Notice:  Undefined variable: currentFile in /var/www/nodb.at/nodb.php on line 439
[11-Aug-2013 21:36:56] PHP Stack trace:
[11-Aug-2013 21:36:56] PHP   1. {main}() /var/www/nodb.at/nodb.test.php:0
[11-Aug-2013 21:36:56] PHP   2. insert($index = *uninitialized*, $columnName_values = *uninitialized*, $tableName = *uninitialized*, $dbName = *uninitialized*) /var/www/nodb.at/nodb.test.php:71
[11-Aug-2013 21:36:56] PHP Notice:  Undefined variable: currentFile in /var/www/nodb.at/nodb.php on line 439
[11-Aug-2013 21:36:56] PHP Stack trace:
[11-Aug-2013 21:36:56] PHP   1. {main}() /var/www/nodb.at/nodb.test.php:0
[11-Aug-2013 21:36:56] PHP   2. insert($index = *uninitialized*, $columnName_values = *uninitialized*, $tableName = *uninitialized*, $dbName = *uninitialized*) /var/www/nodb.at/nodb.test.php:71
[11-Aug-2013 21:36:56] PHP Notice:  Undefined variable: path in /var/www/nodb.at/nodb.php on line 470
[11-Aug-2013 21:36:56] PHP Stack trace:
[11-Aug-2013 21:36:56] PHP   1. {main}() /var/www/nodb.at/nodb.test.php:0
[11-Aug-2013 21:36:56] PHP   2. insert($index = *uninitialized*, $columnName_values = *uninitialized*, $tableName = *uninitialized*, $dbName = *uninitialized*) /var/www/nodb.at/nodb.test.php:71
[11-Aug-2013 21:36:56] PHP Warning:  file() [<a href='function.file'>function.file</a>]: Filename cannot be empty in /var/www/nodb.at/nodb.php on line 825
[11-Aug-2013 21:36:56] PHP Stack trace:
[11-Aug-2013 21:36:56] PHP   1. {main}() /var/www/nodb.at/nodb.test.php:0
[11-Aug-2013 21:36:56] PHP   2. insert($index = *uninitialized*, $columnName_values = *uninitialized*, $tableName = *uninitialized*, $dbName = *uninitialized*) /var/www/nodb.at/nodb.test.php:71
[11-Aug-2013 21:36:56] PHP   3. insertLineAt($lineNumber = *uninitialized*, $line = *uninitialized*, $path = *uninitialized*) /var/www/nodb.at/nodb.php:470
[11-Aug-2013 21:36:56] PHP   4. file(*uninitialized*) /var/www/nodb.at/nodb.php:825
[11-Aug-2013 21:36:56] PHP Warning:  array_splice() expects parameter 1 to be array, boolean given in /var/www/nodb.at/nodb.php on line 827
[11-Aug-2013 21:36:56] PHP Stack trace:
[11-Aug-2013 21:36:56] PHP   1. {main}() /var/www/nodb.at/nodb.test.php:0
[11-Aug-2013 21:36:56] PHP   2. insert($index = *uninitialized*, $columnName_values = *uninitialized*, $tableName = *uninitialized*, $dbName = *uninitialized*) /var/www/nodb.at/nodb.test.php:71
[11-Aug-2013 21:36:56] PHP   3. insertLineAt($lineNumber = *uninitialized*, $line = *uninitialized*, $path = *uninitialized*) /var/www/nodb.at/nodb.php:470
[11-Aug-2013 21:36:56] PHP   4. array_splice(*uninitialized*, *uninitialized*, *uninitialized*, *uninitialized*) /var/www/nodb.at/nodb.php:827
[11-Aug-2013 21:36:56] PHP Warning:  array_values() expects parameter 1 to be array, boolean given in /var/www/nodb.at/nodb.php on line 829
[11-Aug-2013 21:36:56] PHP Stack trace:
[11-Aug-2013 21:36:56] PHP   1. {main}() /var/www/nodb.at/nodb.test.php:0
[11-Aug-2013 21:36:56] PHP   2. insert($index = *uninitialized*, $columnName_values = *uninitialized*, $tableName = *uninitialized*, $dbName = *uninitialized*) /var/www/nodb.at/nodb.test.php:71
[11-Aug-2013 21:36:56] PHP   3. insertLineAt($lineNumber = *uninitialized*, $line = *uninitialized*, $path = *uninitialized*) /var/www/nodb.at/nodb.php:470
[11-Aug-2013 21:36:56] PHP   4. array_values(*uninitialized*) /var/www/nodb.at/nodb.php:829
[11-Aug-2013 21:36:56] PHP Warning:  implode() [<a href='function.implode'>function.implode</a>]: Argument must be an array in /var/www/nodb.at/nodb.php on line 831
[11-Aug-2013 21:36:56] PHP Stack trace:
[11-Aug-2013 21:36:56] PHP   1. {main}() /var/www/nodb.at/nodb.test.php:0
[11-Aug-2013 21:36:56] PHP   2. insert($index = *uninitialized*, $columnName_values = *uninitialized*, $tableName = *uninitialized*, $dbName = *uninitialized*) /var/www/nodb.at/nodb.test.php:71
[11-Aug-2013 21:36:56] PHP   3. insertLineAt($lineNumber = *uninitialized*, $line = *uninitialized*, $path = *uninitialized*) /var/www/nodb.at/nodb.php:470
[11-Aug-2013 21:36:56] PHP   4. implode(*uninitialized*) /var/www/nodb.at/nodb.php:831
[11-Aug-2013 21:36:56] PHP Warning:  file_put_contents() [<a href='function.file-put-contents'>function.file-put-contents</a>]: Filename cannot be empty in /var/www/nodb.at/nodb.php on line 831
[11-Aug-2013 21:36:56] PHP Stack trace:
[11-Aug-2013 21:36:56] PHP   1. {main}() /var/www/nodb.at/nodb.test.php:0
[11-Aug-2013 21:36:56] PHP   2. insert($index = *uninitialized*, $columnName_values = *uninitialized*, $tableName = *uninitialized*, $dbName = *uninitialized*) /var/www/nodb.at/nodb.test.php:71
[11-Aug-2013 21:36:56] PHP   3. insertLineAt($lineNumber = *uninitialized*, $line = *uninitialized*, $path = *uninitialized*) /var/www/nodb.at/nodb.php:470
[11-Aug-2013 21:36:56] PHP   4. file_put_contents(*uninitialized*, *uninitialized*) /var/www/nodb.at/nodb.php:831
[11-Aug-2013 21:36:56] PHP Notice:  Undefined variable: currentFile in /var/www/nodb.at/nodb.php on line 439
[11-Aug-2013 21:36:56] PHP Stack trace:
[11-Aug-2013 21:36:56] PHP   1. {main}() /var/www/nodb.at/nodb.test.php:0
[11-Aug-2013 21:36:56] PHP   2. insert($index = *uninitialized*, $columnName_values = *uninitialized*, $tableName = *uninitialized*, $dbName = *uninitialized*) /var/www/nodb.at/nodb.test.php:71
[11-Aug-2013 21:36:56] PHP Notice:  Undefined variable: currentFile in /var/www/nodb.at/nodb.php on line 439
[11-Aug-2013 21:36:56] PHP Stack trace:
[11-Aug-2013 21:36:56] PHP   1. {main}() /var/www/nodb.at/nodb.test.php:0
[11-Aug-2013 21:36:56] PHP   2. insert($index = *uninitialized*, $columnName_values = *uninitialized*, $tableName = *uninitialized*, $dbName = *uninitialized*) /var/www/nodb.at/nodb.test.php:71
[11-Aug-2013 21:36:56] PHP Notice:  Undefined variable: path in /var/www/nodb.at/nodb.php on line 470
[11-Aug-2013 21:36:56] PHP Stack trace:
[11-Aug-2013 21:36:56] PHP   1. {main}() /var/www/nodb.at/nodb.test.php:0
[11-Aug-2013 21:36:56] PHP   2. insert($index = *uninitialized*, $columnName_values = *uninitialized*, $tableName = *uninitialized*, $dbName = *uninitialized*) /var/www/nodb.at/nodb.test.php:71
[11-Aug-2013 21:36:56] PHP Warning:  file() [<a href='function.file'>function.file</a>]: Filename cannot be empty in /var/www/nodb.at/nodb.php on line 825
[11-Aug-2013 21:36:56] PHP Stack trace:
[11-Aug-2013 21:36:56] PHP   1. {main}() /var/www/nodb.at/nodb.test.php:0
[11-Aug-2013 21:36:56] PHP   2. insert($index = *uninitialized*, $columnName_values = *uninitialized*, $tableName = *uninitialized*, $dbName = *uninitialized*) /var/www/nodb.at/nodb.test.php:71
[11-Aug-2013 21:36:56] PHP   3. insertLineAt($lineNumber = *uninitialized*, $line = *uninitialized*, $path = *uninitialized*) /var/www/nodb.at/nodb.php:470
[11-Aug-2013 21:36:56] PHP   4. file(*uninitialized*) /var/www/nodb.at/nodb.php:825
[11-Aug-2013 21:36:56] PHP Warning:  array_splice() expects parameter 1 to be array, boolean given in /var/www/nodb.at/nodb.php on line 827
[11-Aug-2013 21:36:56] PHP Stack trace:
[11-Aug-2013 21:36:56] PHP   1. {main}() /var/www/nodb.at/nodb.test.php:0
[11-Aug-2013 21:36:56] PHP   2. insert($index = *uninitialized*, $columnName_values = *uninitialized*, $tableName = *uninitialized*, $dbName = *uninitialized*) /var/www/nodb.at/nodb.test.php:71
[11-Aug-2013 21:36:56] PHP   3. insertLineAt($lineNumber = *uninitialized*, $line = *uninitialized*, $path = *uninitialized*) /var/www/nodb.at/nodb.php:470
[11-Aug-2013 21:36:56] PHP   4. array_splice(*uninitialized*, *uninitialized*, *uninitialized*, *uninitialized*) /var/www/nodb.at/nodb.php:827
[11-Aug-2013 21:36:56] PHP Warning:  array_values() expects parameter 1 to be array, boolean given in /var/www/nodb.at/nodb.php on line 829
[11-Aug-2013 21:36:56] PHP Stack trace:
[11-Aug-2013 21:36:56] PHP   1. {main}() /var/www/nodb.at/nodb.test.php:0
[11-Aug-2013 21:36:56] PHP   2. insert($index = *uninitialized*, $columnName_values = *uninitialized*, $tableName = *uninitialized*, $dbName = *uninitialized*) /var/www/nodb.at/nodb.test.php:71
[11-Aug-2013 21:36:56] PHP   3. insertLineAt($lineNumber = *uninitialized*, $line = *uninitialized*, $path = *uninitialized*) /var/www/nodb.at/nodb.php:470
[11-Aug-2013 21:36:56] PHP   4. array_values(*uninitialized*) /var/www/nodb.at/nodb.php:829
[11-Aug-2013 21:36:56] PHP Warning:  implode() [<a href='function.implode'>function.implode</a>]: Argument must be an array in /var/www/nodb.at/nodb.php on line 831
[11-Aug-2013 21:36:56] PHP Stack trace:
[11-Aug-2013 21:36:56] PHP   1. {main}() /var/www/nodb.at/nodb.test.php:0
[11-Aug-2013 21:36:56] PHP   2. insert($index = *uninitialized*, $columnName_values = *uninitialized*, $tableName = *uninitialized*, $dbName = *uninitialized*) /var/www/nodb.at/nodb.test.php:71
[11-Aug-2013 21:36:56] PHP   3. insertLineAt($lineNumber = *uninitialized*, $line = *uninitialized*, $path = *uninitialized*) /var/www/nodb.at/nodb.php:470
[11-Aug-2013 21:36:56] PHP   4. implode(*uninitialized*) /var/www/nodb.at/nodb.php:831
[11-Aug-2013 21:36:56] PHP Warning:  file_put_contents() [<a href='function.file-put-contents'>function.file-put-contents</a>]: Filename cannot be empty in /var/www/nodb.at/nodb.php on line 831
[11-Aug-2013 21:36:56] PHP Stack trace:
[11-Aug-2013 21:36:56] PHP   1. {main}() /var/www/nodb.at/nodb.test.php:0
[11-Aug-2013 21:36:56] PHP   2. insert($index = *uninitialized*, $columnName_values = *uninitialized*, $tableName = *uninitialized*, $dbName = *uninitialized*) /var/www/nodb.at/nodb.test.php:71
[11-Aug-2013 21:36:56] PHP   3. insertLineAt($lineNumber = *uninitialized*, $line = *uninitialized*, $path = *uninitialized*) /var/www/nodb.at/nodb.php:470
[11-Aug-2013 21:36:56] PHP   4. file_put_contents(*uninitialized*, *uninitialized*) /var/www/nodb.at/nodb.php:831
[11-Aug-2013 21:36:56] PHP Notice:  Undefined variable: currentFile in /var/www/nodb.at/nodb.php on line 439
[11-Aug-2013 21:36:56] PHP Stack trace:
[11-Aug-2013 21:36:56] PHP   1. {main}() /var/www/nodb.at/nodb.test.php:0
[11-Aug-2013 21:36:56] PHP   2. insert($index = *uninitialized*, $columnName_values = *uninitialized*, $tableName = *uninitialized*, $dbName = *uninitialized*) /var/www/nodb.at/nodb.test.php:71
[11-Aug-2013 21:36:56] PHP Notice:  Undefined variable: currentFile in /var/www/nodb.at/nodb.php on line 439
[11-Aug-2013 21:36:56] PHP Stack trace:
[11-Aug-2013 21:36:56] PHP   1. {main}() /var/www/nodb.at/nodb.test.php:0
[11-Aug-2013 21:36:56] PHP   2. insert($index = *uninitialized*, $columnName_values = *uninitialized*, $tableName = *uninitialized*, $dbName = *uninitialized*) /var/www/nodb.at/nodb.test.php:71
[11-Aug-2013 21:36:56] PHP Notice:  Undefined variable: currentFile in /var/www/nodb.at/nodb.php on line 439
[11-Aug-2013 21:36:56] PHP Stack trace:
[11-Aug-2013 21:36:56] PHP   1. {main}() /var/www/nodb.at/nodb.test.php:0
[11-Aug-2013 21:36:56] PHP   2. insert($index = *uninitialized*, $columnName_values = *uninitialized*, $tableName = *uninitialized*, $dbName = *uninitialized*) /var/www/nodb.at/nodb.test.php:71
[11-Aug-2013 21:36:56] PHP Notice:  Undefined variable: currentFile in /var/www/nodb.at/nodb.php on line 439
[11-Aug-2013 21:36:56] PHP Stack trace:
[11-Aug-2013 21:36:56] PHP   1. {main}() /var/www/nodb.at/nodb.test.php:0
[11-Aug-2013 21:36:56] PHP   2. insert($index = *uninitialized*, $columnName_values = *uninitialized*, $tableName = *uninitialized*, $dbName = *uninitialized*) /var/www/nodb.at/nodb.test.php:71
[11-Aug-2013 21:36:56] PHP Notice:  Undefined variable: currentFile in /var/www/nodb.at/nodb.php on line 439
[11-Aug-2013 21:36:56] PHP Stack trace:
[11-Aug-2013 21:36:56] PHP   1. {main}() /var/www/nodb.at/nodb.test.php:0
[11-Aug-2013 21:36:56] PHP   2. insert($index = *uninitialized*, $columnName_values = *uninitialized*, $tableName = *uninitialized*, $dbName = *uninitialized*) /var/www/nodb.at/nodb.test.php:71
[11-Aug-2013 21:36:56] PHP Notice:  Undefined variable: currentFile in /var/www/nodb.at/nodb.php on line 439
[11-Aug-2013 21:36:56] PHP Stack trace:
[11-Aug-2013 21:36:56] PHP   1. {main}() /var/www/nodb.at/nodb.test.php:0
[11-Aug-2013 21:36:56] PHP   2. insert($index = *uninitialized*, $columnName_values = *uninitialized*, $tableName = *uninitialized*, $dbName = *uninitialized*) /var/www/nodb.at/nodb.test.php:71
[11-Aug-2013 21:36:56] PHP Notice:  Undefined variable: currentFile in /var/www/nodb.at/nodb.php on line 439
[11-Aug-2013 21:36:56] PHP Stack trace:
[11-Aug-2013 21:36:56] PHP   1. {main}() /var/www/nodb.at/nodb.test.php:0
[11-Aug-2013 21:36:56] PHP   2. insert($index = *uninitialized*, $columnName_values = *uninitialized*, $tableName = *uninitialized*, $dbName = *uninitialized*) /var/www/nodb.at/nodb.test.php:71
[11-Aug-2013 21:36:56] PHP Notice:  Undefined variable: currentFile in /var/www/nodb.at/nodb.php on line 439
[11-Aug-2013 21:36:56] PHP Stack trace:
[11-Aug-2013 21:36:56] PHP   1. {main}() /var/www/nodb.at/nodb.test.php:0
[11-Aug-2013 21:36:56] PHP   2. insert($index = *uninitialized*, $columnName_values = *uninitialized*, $tableName = *uninitialized*, $dbName = *uninitialized*) /var/www/nodb.at/nodb.test.php:71
[11-Aug-2013 21:37:00] PHP Notice:  Undefined variable: tableName in /var/www/nodb.at/nodb.test.php on line 85
[11-Aug-2013 21:37:00] PHP Stack trace:
[11-Aug-2013 21:37:00] PHP   1. {main}() /var/www/nodb.at/nodb.test.php:0
[11-Aug-2013 21:37:00] PHP Notice:  Undefined variable: dbname in /var/www/nodb.at/nodb.test.php on line 85
[11-Aug-2013 21:37:00] PHP Stack trace:
[11-Aug-2013 21:37:00] PHP   1. {main}() /var/www/nodb.at/nodb.test.php:0
